<?xml version="1.0" encoding="UTF-8"?>
<testsuite xmlns:xsi="http://www.w3.org/2001/XMLSchema-instance" xsi:noNamespaceSchemaLocation="https://maven.apache.org/surefire/maven-surefire-plugin/xsd/surefire-test-report.xsd" name="TestSuite" time="10.78" tests="4" errors="0" skipped="0" failures="1">
  <properties>
[...]
</properties>
  <testcase name="verifyLogin" classname="testclasses.LoginPageTest" time="0.666"/>
  <testcase name="titleValidation" classname="testclasses.LoginPageTest" time="1.772">
    <failure message="expected [Dashboarddd / Kiteee] but found [Dashboard / Kite]" type="java.lang.AssertionError">java.lang.AssertionError: expected [Dashboarddd / Kiteee] but found [Dashboard / Kite]
	at testclasses.LoginPageTest.titleValidation(LoginPageTest.java:27)
</failure>
    <system-out><![CDATA[Test Case started:titleValidation
Dashboard / Kite
Test Case failed:titleValidation
]]></system-out>
  </testcase>
  <testcase name="searchValidation" classname="testclasses.DashBoardTest" time="0.426"/>
  <testcase name="buySharesValidation" classname="testclasses.DashBoardTest" time="0.394"/>
</testsuite>