-------------------------------------------------------------------------------
Test set: TestSuite
-------------------------------------------------------------------------------
Tests run: 4, Failures: 1, Errors: 0, Skipped: 0, Time elapsed: 10.78 s <<< FAILURE! - in TestSuite
titleValidation(testclasses.LoginPageTest)  Time elapsed: 1.772 s  <<< FAILURE!
java.lang.AssertionError: expected [Dashboarddd / Kiteee] but found [Dashboard / Kite]
	at testclasses.LoginPageTest.titleValidation(LoginPageTest.java:27)

