<?xml version="1.0" encoding="UTF-8"?>
<!-- Generated by org.testng.reporters.JUnitXMLReporter -->
<testsuite ignored="2" hostname="DESKTOP-GV66MNG" failures="0" tests="4" name="Buy/Sell Module" time="2.162" errors="0" timestamp="2022-05-08T23:01:59 IST">
  <testcase classname="testclasses.LoginPageTest" name="verifyLogin" time="0.367"/>
  <testcase classname="testclasses.LoginPageTest" name="titleValidation" time="0.97"/>
  <testcase classname="testclasses.DashBoardTest" name="searchValidation" time="0.469"/>
  <testcase classname="testclasses.DashBoardTest" name="buySharesValidation" time="0.291"/>
  <testcase classname="testclasses.BaseTest" name="@AfterSuite tearDown" time="0.0">
    <ignored/>
  </testcase> <!-- @AfterSuite tearDown -->
  <testcase classname="testclasses.BaseTest" name="@BeforeSuite initBrowser" time="0.0">
    <ignored/>
  </testcase> <!-- @BeforeSuite initBrowser -->
</testsuite> <!-- Buy/Sell Module -->
