<?xml version="1.0" encoding="UTF-8"?>
<!-- Generated by org.testng.reporters.JUnitXMLReporter -->
<testsuite ignored="2" hostname="DESKTOP-GV66MNG" failures="1" tests="4" name="Buy/Sell Module" time="3.329" errors="0" timestamp="2022-05-11T09:26:54 IST">
  <testcase classname="testclasses.LoginPageTest" name="verifyLogin" time="0.664"/>
  <testcase classname="testclasses.LoginPageTest" name="titleValidation" time="1.45">
    <failure type="java.lang.AssertionError" message="expected [Dashboarddd / Kiteee] but found [Dashboard / Kite]">
      <![CDATA[java.lang.AssertionError: expected [Dashboarddd / Kiteee] but found [Dashboard / Kite]
at testclasses.LoginPageTest.titleValidation(LoginPageTest.java:27)
at java.base/java.util.ArrayList.forEach(ArrayList.java:1511)
... Removed 36 stack frames]]>
    </failure>
  </testcase> <!-- titleValidation -->
  <testcase classname="testclasses.DashBoardTest" name="searchValidation" time="0.426"/>
  <testcase classname="testclasses.DashBoardTest" name="buySharesValidation" time="0.393"/>
  <testcase classname="testclasses.BaseTest" name="@BeforeSuite initBrowser" time="0.0">
    <ignored/>
  </testcase> <!-- @BeforeSuite initBrowser -->
  <testcase classname="testclasses.BaseTest" name="@AfterSuite tearDown" time="0.0">
    <ignored/>
  </testcase> <!-- @AfterSuite tearDown -->
</testsuite> <!-- Buy/Sell Module -->
