<?xml version="1.0" encoding="UTF-8"?>
<testng-results ignored="2" total="6" passed="4" failed="0" skipped="0">
  <reporter-output>
  </reporter-output>
  <suite started-at="2022-05-08T23:01:57 IST" name="Kite Zerodha Project" finished-at="2022-05-08T23:01:59 IST" duration-ms="2162">
    <groups>
    </groups>
    <test started-at="2022-05-08T23:01:57 IST" name="Buy/Sell Module" finished-at="2022-05-08T23:01:59 IST" duration-ms="2162">
      <class name="testclasses.LoginPageTest">
        <test-method is-config="true" signature="initBrowser()[pri:0, instance:testclasses.LoginPageTest@273e7444]" started-at="2022-05-08T23:01:54 IST" name="initBrowser" finished-at="2022-05-08T23:01:57 IST" duration-ms="3128" status="PASS">
          <reporter-output>
          </reporter-output>
        </test-method> <!-- initBrowser -->
        <test-method is-config="true" signature="objectCreation()[pri:0, instance:testclasses.LoginPageTest@273e7444]" started-at="2022-05-08T23:01:57 IST" name="objectCreation" finished-at="2022-05-08T23:01:57 IST" duration-ms="22" status="PASS">
          <reporter-output>
          </reporter-output>
        </test-method> <!-- objectCreation -->
        <test-method signature="verifyLogin()[pri:1, instance:testclasses.LoginPageTest@273e7444]" started-at="2022-05-08T23:01:57 IST" name="verifyLogin" finished-at="2022-05-08T23:01:58 IST" duration-ms="367" status="PASS">
          <reporter-output>
          </reporter-output>
        </test-method> <!-- verifyLogin -->
        <test-method signature="titleValidation()[pri:2, instance:testclasses.LoginPageTest@273e7444]" started-at="2022-05-08T23:01:58 IST" name="titleValidation" finished-at="2022-05-08T23:01:59 IST" duration-ms="970" status="PASS">
          <reporter-output>
          </reporter-output>
        </test-method> <!-- titleValidation -->
        <test-method is-config="true" signature="tearDown()[pri:0, instance:testclasses.LoginPageTest@273e7444]" started-at="2022-05-08T23:01:59 IST" name="tearDown" finished-at="2022-05-08T23:02:00 IST" duration-ms="194" status="PASS">
          <reporter-output>
          </reporter-output>
        </test-method> <!-- tearDown -->
      </class> <!-- testclasses.LoginPageTest -->
      <class name="testclasses.DashBoardTest">
        <test-method is-config="true" signature="objectCreation()[pri:0, instance:testclasses.DashBoardTest@1ed6388a]" started-at="2022-05-08T23:01:59 IST" name="objectCreation" finished-at="2022-05-08T23:01:59 IST" duration-ms="0" status="PASS">
          <reporter-output>
          </reporter-output>
        </test-method> <!-- objectCreation -->
        <test-method signature="searchValidation()[pri:3, instance:testclasses.DashBoardTest@1ed6388a]" started-at="2022-05-08T23:01:59 IST" name="searchValidation" finished-at="2022-05-08T23:01:59 IST" duration-ms="469" status="PASS">
          <reporter-output>
          </reporter-output>
        </test-method> <!-- searchValidation -->
        <test-method signature="buySharesValidation()[pri:4, instance:testclasses.DashBoardTest@1ed6388a]" started-at="2022-05-08T23:01:59 IST" name="buySharesValidation" finished-at="2022-05-08T23:01:59 IST" duration-ms="291" status="PASS">
          <reporter-output>
          </reporter-output>
        </test-method> <!-- buySharesValidation -->
      </class> <!-- testclasses.DashBoardTest -->
    </test> <!-- Buy/Sell Module -->
  </suite> <!-- Kite Zerodha Project -->
</testng-results>
